17:49:33.076 [main] INFO  org.testng.internal.Utils - [Utils] MethodGroupsHelper.collectMethodsByGroup() took 0 ms.
17:49:33.097 [main] INFO  org.testng.internal.Utils - [Utils] MethodGroupsHelper.sortMethods() took 9 ms.
17:49:33.101 [main] INFO  org.testng.internal.Utils - [Utils] MethodGroupsHelper.collectMethodsByGroup() took 0 ms.
17:49:33.101 [main] INFO  org.testng.internal.Utils - [Utils] MethodGroupsHelper.sortMethods() took 0 ms.
17:49:33.102 [main] INFO  org.testng.internal.Utils - [Utils] MethodGroupsHelper.collectMethodsByGroup() took 0 ms.
17:49:33.102 [main] INFO  org.testng.internal.Utils - [Utils] MethodGroupsHelper.sortMethods() took 0 ms.
17:49:33.104 [main] INFO  org.testng.internal.Utils - [Utils] MethodGroupsHelper.collectMethodsByGroup() took 0 ms.
17:49:33.104 [main] INFO  org.testng.internal.Utils - [Utils] MethodGroupsHelper.sortMethods() took 0 ms.
17:49:33.130 [main] INFO  org.testng.internal.Utils - [Utils] MethodGroupsHelper.collectMethodsByGroup() took 17 ms.
17:49:33.181 [main] INFO  org.testng.internal.Utils - [Utils] MethodGroupsHelper.sortMethods() took 50 ms.
17:49:33.184 [main] INFO  org.testng.internal.Utils - [Utils] MethodGroupsHelper.collectMethodsByGroup() took 0 ms.
17:49:33.184 [main] INFO  org.testng.internal.Utils - [Utils] MethodGroupsHelper.sortMethods() took 0 ms.
17:49:33.229 [main] INFO  org.testng.internal.Utils - [Utils] MethodGroupsHelper.collectMethodsByGroup() took 0 ms.
17:49:33.230 [main] INFO  org.testng.internal.Utils - [Utils] MethodGroupsHelper.sortMethods() took 0 ms.
17:49:33.236 [main] INFO  org.testng.internal.Utils - [Utils] MethodGroupsHelper.collectMethodsByGroup() took 0 ms.
17:49:33.244 [main] INFO  org.testng.internal.Utils - [Utils] MethodGroupsHelper.sortMethods() took 0 ms.
17:49:33.265 [main] INFO  org.testng.internal.Utils - [Utils] MethodGroupsHelper.collectMethodsByGroup() took 0 ms.
17:49:33.265 [main] INFO  org.testng.internal.Utils - [Utils] MethodGroupsHelper.sortMethods() took 0 ms.
17:49:33.268 [main] INFO  org.testng.internal.Utils - [Utils] MethodGroupsHelper.collectMethodsByGroup() took 0 ms.
17:49:33.268 [main] INFO  org.testng.internal.Utils - [Utils] MethodGroupsHelper.sortMethods() took 0 ms.
17:49:33.274 [main] INFO  org.testng.internal.Utils - [Utils] MethodGroupsHelper.collectMethodsByGroup() took 0 ms.
17:49:33.274 [main] INFO  org.testng.internal.Utils - [Utils] MethodGroupsHelper.sortMethods() took 0 ms.
17:49:33.274 [main] INFO  org.testng.internal.Utils - [Utils] MethodGroupsHelper.collectMethodsByGroup() took 0 ms.
17:49:33.275 [main] INFO  org.testng.internal.Utils - [Utils] MethodGroupsHelper.sortMethods() took 0 ms.
17:49:33.278 [main] INFO  org.testng.internal.Utils - [Utils] MethodGroupsHelper.collectMethodsByGroup() took 1 ms.
17:49:33.279 [main] INFO  org.testng.internal.Utils - [Utils] MethodGroupsHelper.sortMethods() took 1 ms.
17:49:33.283 [main] INFO  org.testng.internal.Utils - [Utils] MethodGroupsHelper.collectMethodsByGroup() took 0 ms.
17:49:33.283 [main] INFO  org.testng.internal.Utils - [Utils] MethodGroupsHelper.sortMethods() took 0 ms.
17:49:33.283 [main] INFO  org.testng.internal.Utils - [Utils] MethodGroupsHelper.collectMethodsByGroup() took 0 ms.
17:49:33.283 [main] INFO  org.testng.internal.Utils - [Utils] MethodGroupsHelper.sortMethods() took 0 ms.
17:49:33.318 [main] INFO  org.testng.internal.Utils - [TestNG] Running:
  C:\Users\DELL\AppData\Local\Temp\testng-eclipse-1268920544\testng-customsuite.xml

17:49:33.378 [main] INFO  org.testng.internal.Utils - [Utils] DynamicGraphHelper.createDynamicGraph() took 8 ms.
17:49:39.626 [main] INFO  testCases.TC_001_AccountRegistationTest - **** Starting TC_001_AccountRegistationTest ****
17:49:40.308 [main] INFO  testCases.TC_001_AccountRegistationTest - Clicked on MyAccount Link..
17:49:40.879 [main] INFO  testCases.TC_001_AccountRegistationTest - Clicked on Register Link..
17:49:40.882 [main] INFO  testCases.TC_001_AccountRegistationTest - Providing customer details..
17:49:42.440 [main] INFO  testCases.TC_001_AccountRegistationTest - Validating expected message..
17:49:42.513 [main] INFO  testCases.TC_001_AccountRegistationTest - **** Finished TC_001_AccountRegistationTest ****
17:49:43.087 [main] INFO  org.testng.internal.Utils - [TestNG] Time taken by org.testng.reporters.jq.Main@43b40233: 101 ms
17:49:43.088 [main] INFO  org.testng.internal.Utils - [TestNG] Time taken by org.testng.reporters.FailedReporter@23eff5d1: 1 ms
17:49:43.103 [main] INFO  org.testng.internal.Utils - [TestNG] Time taken by org.testng.reporters.XMLReporter@2903c6ff: 15 ms
17:49:43.113 [main] INFO  org.testng.internal.Utils - [TestNG] Time taken by org.testng.reporters.EmailableReporter2@319c3a25: 10 ms
17:49:43.124 [main] INFO  org.testng.internal.Utils - [TestNG] Time taken by org.testng.reporters.JUnitReportReporter@4b3fe06e: 10 ms
17:49:43.125 [main] INFO  org.testng.internal.Utils - [TestNG] Time taken by org.testng.internal.ExitCodeListener@27b45ea: 1 ms
17:54:35.157 [main] DEBUG org.testng.TestNG - suiteXmlPath: "C:\Users\DELL\AppData\Local\Temp\testng-eclipse-932248811\testng-customsuite.xml"
17:54:35.483 [main] INFO  org.testng.internal.Utils - [Utils] MethodGroupsHelper.collectMethodsByGroup() took 1 ms.
17:54:35.487 [main] INFO  org.testng.internal.Utils - [Utils] MethodGroupsHelper.sortMethods() took 1 ms.
17:54:35.489 [main] INFO  org.testng.internal.Utils - [Utils] MethodGroupsHelper.collectMethodsByGroup() took 0 ms.
17:54:35.489 [main] INFO  org.testng.internal.Utils - [Utils] MethodGroupsHelper.sortMethods() took 0 ms.
17:54:35.490 [main] INFO  org.testng.internal.Utils - [Utils] MethodGroupsHelper.collectMethodsByGroup() took 0 ms.
17:54:35.490 [main] INFO  org.testng.internal.Utils - [Utils] MethodGroupsHelper.sortMethods() took 0 ms.
17:54:35.491 [main] INFO  org.testng.internal.Utils - [Utils] MethodGroupsHelper.collectMethodsByGroup() took 0 ms.
17:54:35.491 [main] INFO  org.testng.internal.Utils - [Utils] MethodGroupsHelper.sortMethods() took 0 ms.
17:54:35.501 [main] INFO  org.testng.internal.Utils - [Utils] MethodGroupsHelper.collectMethodsByGroup() took 6 ms.
17:54:35.519 [main] INFO  org.testng.internal.Utils - [Utils] MethodGroupsHelper.sortMethods() took 17 ms.
17:54:35.521 [main] INFO  org.testng.internal.Utils - [Utils] MethodGroupsHelper.collectMethodsByGroup() took 0 ms.
17:54:35.522 [main] INFO  org.testng.internal.Utils - [Utils] MethodGroupsHelper.sortMethods() took 0 ms.
17:54:35.524 [main] INFO  org.testng.internal.Utils - [Utils] MethodGroupsHelper.collectMethodsByGroup() took 0 ms.
17:54:35.524 [main] INFO  org.testng.internal.Utils - [Utils] MethodGroupsHelper.sortMethods() took 0 ms.
17:54:35.525 [main] INFO  org.testng.internal.Utils - [Utils] MethodGroupsHelper.collectMethodsByGroup() took 0 ms.
17:54:35.525 [main] INFO  org.testng.internal.Utils - [Utils] MethodGroupsHelper.sortMethods() took 0 ms.
17:54:35.527 [main] INFO  org.testng.internal.Utils - [Utils] MethodGroupsHelper.collectMethodsByGroup() took 0 ms.
17:54:35.528 [main] INFO  org.testng.internal.Utils - [Utils] MethodGroupsHelper.sortMethods() took 0 ms.
17:54:35.529 [main] INFO  org.testng.internal.Utils - [Utils] MethodGroupsHelper.collectMethodsByGroup() took 0 ms.
17:54:35.529 [main] INFO  org.testng.internal.Utils - [Utils] MethodGroupsHelper.sortMethods() took 0 ms.
17:54:35.534 [main] INFO  org.testng.internal.Utils - [Utils] MethodGroupsHelper.collectMethodsByGroup() took 0 ms.
17:54:35.534 [main] INFO  org.testng.internal.Utils - [Utils] MethodGroupsHelper.sortMethods() took 0 ms.
17:54:35.535 [main] INFO  org.testng.internal.Utils - [Utils] MethodGroupsHelper.collectMethodsByGroup() took 0 ms.
17:54:35.535 [main] INFO  org.testng.internal.Utils - [Utils] MethodGroupsHelper.sortMethods() took 0 ms.
17:54:35.537 [main] INFO  org.testng.internal.Utils - [Utils] MethodGroupsHelper.collectMethodsByGroup() took 0 ms.
17:54:35.538 [main] INFO  org.testng.internal.Utils - [Utils] MethodGroupsHelper.sortMethods() took 0 ms.
17:54:35.540 [main] INFO  org.testng.internal.Utils - [Utils] MethodGroupsHelper.collectMethodsByGroup() took 0 ms.
17:54:35.540 [main] INFO  org.testng.internal.Utils - [Utils] MethodGroupsHelper.sortMethods() took 0 ms.
17:54:35.541 [main] INFO  org.testng.internal.Utils - [Utils] MethodGroupsHelper.collectMethodsByGroup() took 0 ms.
17:54:35.541 [main] INFO  org.testng.internal.Utils - [Utils] MethodGroupsHelper.sortMethods() took 0 ms.
17:54:35.557 [main] INFO  org.testng.internal.Utils - [TestNG] Running:
  C:\Users\DELL\AppData\Local\Temp\testng-eclipse-932248811\testng-customsuite.xml

17:54:35.592 [main] INFO  org.testng.internal.Utils - [Utils] DynamicGraphHelper.createDynamicGraph() took 8 ms.
17:54:38.857 [main] INFO  testCases.TC_001_AccountRegistationTest - **** Starting TC_001_AccountRegistationTest ****
17:54:39.445 [main] INFO  testCases.TC_001_AccountRegistationTest - Clicked on MyAccount Link..
17:54:39.978 [main] INFO  testCases.TC_001_AccountRegistationTest - Clicked on Register Link..
17:54:39.984 [main] INFO  testCases.TC_001_AccountRegistationTest - Providing customer details..
17:54:41.321 [main] INFO  testCases.TC_001_AccountRegistationTest - Validating expected message..
17:54:41.385 [main] INFO  testCases.TC_001_AccountRegistationTest - **** Finished TC_001_AccountRegistationTest ****
17:54:41.806 [main] INFO  org.testng.internal.Utils - [TestNG] Time taken by org.testng.reporters.jq.Main@4d1f1ff5: 102 ms
17:54:41.807 [main] INFO  org.testng.internal.Utils - [TestNG] Time taken by org.testng.reporters.FailedReporter@222afc67: 1 ms
17:54:41.822 [main] INFO  org.testng.internal.Utils - [TestNG] Time taken by org.testng.reporters.XMLReporter@2e060819: 15 ms
17:54:41.831 [main] INFO  org.testng.internal.Utils - [TestNG] Time taken by org.testng.reporters.EmailableReporter2@3901f6af: 9 ms
17:54:41.839 [main] INFO  org.testng.internal.Utils - [TestNG] Time taken by org.testng.reporters.JUnitReportReporter@2c8662ac: 8 ms
17:54:41.840 [main] INFO  org.testng.internal.Utils - [TestNG] Time taken by org.testng.internal.ExitCodeListener@260ff5b7: 1 ms
17:59:21.392 [main] DEBUG org.testng.TestNG - suiteXmlPath: "C:\Users\DELL\AppData\Local\Temp\testng-eclipse--1756762896\testng-customsuite.xml"
17:59:21.927 [main] INFO  org.testng.internal.Utils - [Utils] MethodGroupsHelper.collectMethodsByGroup() took 1 ms.
17:59:21.934 [main] INFO  org.testng.internal.Utils - [Utils] MethodGroupsHelper.sortMethods() took 2 ms.
17:59:21.939 [main] INFO  org.testng.internal.Utils - [Utils] MethodGroupsHelper.collectMethodsByGroup() took 0 ms.
17:59:21.939 [main] INFO  org.testng.internal.Utils - [Utils] MethodGroupsHelper.sortMethods() took 0 ms.
17:59:21.941 [main] INFO  org.testng.internal.Utils - [Utils] MethodGroupsHelper.collectMethodsByGroup() took 0 ms.
17:59:21.941 [main] INFO  org.testng.internal.Utils - [Utils] MethodGroupsHelper.sortMethods() took 0 ms.
17:59:21.942 [main] INFO  org.testng.internal.Utils - [Utils] MethodGroupsHelper.collectMethodsByGroup() took 0 ms.
17:59:21.943 [main] INFO  org.testng.internal.Utils - [Utils] MethodGroupsHelper.sortMethods() took 0 ms.
17:59:21.955 [main] INFO  org.testng.internal.Utils - [Utils] MethodGroupsHelper.collectMethodsByGroup() took 8 ms.
17:59:21.981 [main] INFO  org.testng.internal.Utils - [Utils] MethodGroupsHelper.sortMethods() took 25 ms.
17:59:21.983 [main] INFO  org.testng.internal.Utils - [Utils] MethodGroupsHelper.collectMethodsByGroup() took 0 ms.
17:59:21.984 [main] INFO  org.testng.internal.Utils - [Utils] MethodGroupsHelper.sortMethods() took 0 ms.
17:59:21.985 [main] INFO  org.testng.internal.Utils - [Utils] MethodGroupsHelper.collectMethodsByGroup() took 0 ms.
17:59:21.986 [main] INFO  org.testng.internal.Utils - [Utils] MethodGroupsHelper.sortMethods() took 0 ms.
17:59:21.987 [main] INFO  org.testng.internal.Utils - [Utils] MethodGroupsHelper.collectMethodsByGroup() took 0 ms.
17:59:21.988 [main] INFO  org.testng.internal.Utils - [Utils] MethodGroupsHelper.sortMethods() took 0 ms.
17:59:21.990 [main] INFO  org.testng.internal.Utils - [Utils] MethodGroupsHelper.collectMethodsByGroup() took 0 ms.
17:59:21.990 [main] INFO  org.testng.internal.Utils - [Utils] MethodGroupsHelper.sortMethods() took 0 ms.
17:59:21.991 [main] INFO  org.testng.internal.Utils - [Utils] MethodGroupsHelper.collectMethodsByGroup() took 0 ms.
17:59:21.991 [main] INFO  org.testng.internal.Utils - [Utils] MethodGroupsHelper.sortMethods() took 0 ms.
17:59:21.996 [main] INFO  org.testng.internal.Utils - [Utils] MethodGroupsHelper.collectMethodsByGroup() took 0 ms.
17:59:21.996 [main] INFO  org.testng.internal.Utils - [Utils] MethodGroupsHelper.sortMethods() took 0 ms.
17:59:21.996 [main] INFO  org.testng.internal.Utils - [Utils] MethodGroupsHelper.collectMethodsByGroup() took 0 ms.
17:59:21.996 [main] INFO  org.testng.internal.Utils - [Utils] MethodGroupsHelper.sortMethods() took 0 ms.
17:59:21.997 [main] INFO  org.testng.internal.Utils - [Utils] MethodGroupsHelper.collectMethodsByGroup() took 0 ms.
17:59:22.000 [main] INFO  org.testng.internal.Utils - [Utils] MethodGroupsHelper.sortMethods() took 0 ms.
17:59:22.003 [main] INFO  org.testng.internal.Utils - [Utils] MethodGroupsHelper.collectMethodsByGroup() took 0 ms.
17:59:22.003 [main] INFO  org.testng.internal.Utils - [Utils] MethodGroupsHelper.sortMethods() took 0 ms.
17:59:22.004 [main] INFO  org.testng.internal.Utils - [Utils] MethodGroupsHelper.collectMethodsByGroup() took 0 ms.
17:59:22.004 [main] INFO  org.testng.internal.Utils - [Utils] MethodGroupsHelper.sortMethods() took 0 ms.
17:59:22.021 [main] INFO  org.testng.internal.Utils - [TestNG] Running:
  C:\Users\DELL\AppData\Local\Temp\testng-eclipse--1756762896\testng-customsuite.xml

17:59:22.075 [main] INFO  org.testng.internal.Utils - [Utils] DynamicGraphHelper.createDynamicGraph() took 22 ms.
17:59:25.279 [main] INFO  testCases.TC_001_AccountRegistationTest - **** Starting TC_001_AccountRegistationTest ****
17:59:25.894 [main] INFO  testCases.TC_001_AccountRegistationTest - Clicked on MyAccount Link..
17:59:26.340 [main] INFO  testCases.TC_001_AccountRegistationTest - Clicked on Register Link..
17:59:26.343 [main] INFO  testCases.TC_001_AccountRegistationTest - Providing customer details..
17:59:27.691 [main] INFO  testCases.TC_001_AccountRegistationTest - Validating expected message..
17:59:27.748 [main] ERROR testCases.TC_001_AccountRegistationTest - Test failed..
17:59:27.748 [main] DEBUG testCases.TC_001_AccountRegistationTest - Debug logs..
17:59:28.233 [main] INFO  org.testng.internal.Utils - [TestNG] Time taken by org.testng.reporters.jq.Main@2903c6ff: 107 ms
17:59:28.259 [main] INFO  org.testng.internal.Utils - [TestNG] Time taken by org.testng.reporters.FailedReporter@3e17a0a1: 25 ms
17:59:28.274 [main] INFO  org.testng.internal.Utils - [TestNG] Time taken by org.testng.reporters.XMLReporter@21f459fc: 15 ms
17:59:28.286 [main] INFO  org.testng.internal.Utils - [TestNG] Time taken by org.testng.reporters.EmailableReporter2@1b9776f5: 12 ms
17:59:28.298 [main] INFO  org.testng.internal.Utils - [TestNG] Time taken by org.testng.reporters.JUnitReportReporter@702b06fb: 12 ms
17:59:28.298 [main] INFO  org.testng.internal.Utils - [TestNG] Time taken by org.testng.internal.ExitCodeListener@a18649a: 0 ms
18:48:01.951 [main] DEBUG org.testng.TestNG - suiteXmlPath: "C:\workspace\NewLearning\OpencartV121\mater.xml"
18:48:02.644 [main] INFO  org.testng.internal.Utils - [TestNG] Running:
  C:\workspace\NewLearning\OpencartV121\mater.xml

18:48:09.067 [main] INFO  testCases.TC_001_AccountRegistationTest - **** Starting TC_001_AccountRegistationTest ****
18:48:09.909 [main] INFO  testCases.TC_001_AccountRegistationTest - Clicked on MyAccount Link..
18:48:10.768 [main] INFO  testCases.TC_001_AccountRegistationTest - Clicked on Register Link..
18:48:10.773 [main] INFO  testCases.TC_001_AccountRegistationTest - Providing customer details..
18:48:12.588 [main] INFO  testCases.TC_001_AccountRegistationTest - Validating expected message..
18:48:12.654 [main] ERROR testCases.TC_001_AccountRegistationTest - Test failed..
18:48:12.654 [main] DEBUG testCases.TC_001_AccountRegistationTest - Debug logs..
18:52:45.437 [main] DEBUG org.testng.TestNG - suiteXmlPath: "C:\workspace\NewLearning\OpencartV121\crossbrowsertesting.xml"
18:52:45.883 [main] INFO  org.testng.internal.Utils - [TestNG] Running:
  C:\workspace\NewLearning\OpencartV121\crossbrowsertesting.xml

18:52:49.578 [main] INFO  testCases.TC_001_AccountRegistationTest - **** Starting TC_001_AccountRegistationTest ****
18:52:50.192 [main] INFO  testCases.TC_001_AccountRegistationTest - Clicked on MyAccount Link..
18:52:50.646 [main] INFO  testCases.TC_001_AccountRegistationTest - Clicked on Register Link..
18:52:50.651 [main] INFO  testCases.TC_001_AccountRegistationTest - Providing customer details..
18:52:52.241 [main] INFO  testCases.TC_001_AccountRegistationTest - Validating expected message..
18:52:52.287 [main] ERROR testCases.TC_001_AccountRegistationTest - Test failed..
18:52:52.287 [main] DEBUG testCases.TC_001_AccountRegistationTest - Debug logs..
18:52:52.291 [main] INFO  testCases.TC_001_AccountRegistationTest - **** Finished TC_001_AccountRegistationTest ****
18:52:57.993 [main] INFO  testCases.TC_001_AccountRegistationTest - **** Starting TC_001_AccountRegistationTest ****
18:52:58.155 [main] INFO  testCases.TC_001_AccountRegistationTest - Clicked on MyAccount Link..
18:52:58.614 [main] INFO  testCases.TC_001_AccountRegistationTest - Clicked on Register Link..
18:52:58.615 [main] INFO  testCases.TC_001_AccountRegistationTest - Providing customer details..
18:53:00.288 [main] INFO  testCases.TC_001_AccountRegistationTest - Validating expected message..
18:53:00.348 [main] ERROR testCases.TC_001_AccountRegistationTest - Test failed..
18:53:00.348 [main] DEBUG testCases.TC_001_AccountRegistationTest - Debug logs..
18:53:00.348 [main] INFO  testCases.TC_001_AccountRegistationTest - **** Finished TC_001_AccountRegistationTest ****
18:53:10.652 [main] INFO  testCases.TC_001_AccountRegistationTest - **** Starting TC_001_AccountRegistationTest ****
18:53:11.062 [main] INFO  testCases.TC_001_AccountRegistationTest - Clicked on MyAccount Link..
18:53:11.626 [main] INFO  testCases.TC_001_AccountRegistationTest - Clicked on Register Link..
18:53:11.627 [main] INFO  testCases.TC_001_AccountRegistationTest - Providing customer details..
18:53:12.992 [main] INFO  testCases.TC_001_AccountRegistationTest - Validating expected message..
18:53:13.071 [main] ERROR testCases.TC_001_AccountRegistationTest - Test failed..
18:53:13.073 [main] DEBUG testCases.TC_001_AccountRegistationTest - Debug logs..
18:53:13.074 [main] INFO  testCases.TC_001_AccountRegistationTest - **** Finished TC_001_AccountRegistationTest ****
18:55:12.403 [main] DEBUG org.testng.TestNG - suiteXmlPath: "C:\workspace\NewLearning\OpencartV121\crossbrowsertesting.xml"
18:55:12.848 [main] INFO  org.testng.internal.Utils - [TestNG] Running:
  C:\workspace\NewLearning\OpencartV121\crossbrowsertesting.xml

18:55:20.395 [TestNG-tests-2] INFO  testCases.TC_001_AccountRegistationTest - **** Starting TC_001_AccountRegistationTest ****
18:55:20.933 [TestNG-tests-1] INFO  testCases.TC_001_AccountRegistationTest - **** Starting TC_001_AccountRegistationTest ****
18:55:21.175 [TestNG-tests-2] INFO  testCases.TC_001_AccountRegistationTest - Clicked on MyAccount Link..
18:55:22.916 [TestNG-tests-1] INFO  testCases.TC_001_AccountRegistationTest - Clicked on MyAccount Link..
18:55:23.265 [TestNG-tests-2] INFO  testCases.TC_001_AccountRegistationTest - Clicked on Register Link..
18:55:23.277 [TestNG-tests-2] INFO  testCases.TC_001_AccountRegistationTest - Providing customer details..
18:55:23.973 [TestNG-tests-1] INFO  testCases.TC_001_AccountRegistationTest - Clicked on Register Link..
18:55:23.974 [TestNG-tests-1] INFO  testCases.TC_001_AccountRegistationTest - Providing customer details..
18:55:26.634 [TestNG-tests-3] INFO  testCases.TC_001_AccountRegistationTest - **** Starting TC_001_AccountRegistationTest ****
18:55:26.981 [TestNG-tests-3] INFO  testCases.TC_001_AccountRegistationTest - Clicked on MyAccount Link..
18:55:27.713 [TestNG-tests-1] INFO  testCases.TC_001_AccountRegistationTest - Validating expected message..
18:55:27.769 [TestNG-tests-3] INFO  testCases.TC_001_AccountRegistationTest - Clicked on Register Link..
18:55:27.771 [TestNG-tests-3] INFO  testCases.TC_001_AccountRegistationTest - Providing customer details..
18:55:28.080 [TestNG-tests-1] ERROR testCases.TC_001_AccountRegistationTest - Test failed..
18:55:28.081 [TestNG-tests-1] DEBUG testCases.TC_001_AccountRegistationTest - Debug logs..
18:55:28.088 [TestNG-tests-1] INFO  testCases.TC_001_AccountRegistationTest - **** Finished TC_001_AccountRegistationTest ****
18:55:28.771 [TestNG-tests-2] INFO  testCases.TC_001_AccountRegistationTest - Validating expected message..
18:55:29.419 [TestNG-tests-2] ERROR testCases.TC_001_AccountRegistationTest - Test failed..
18:55:29.420 [TestNG-tests-2] DEBUG testCases.TC_001_AccountRegistationTest - Debug logs..
18:55:29.420 [TestNG-tests-2] INFO  testCases.TC_001_AccountRegistationTest - **** Finished TC_001_AccountRegistationTest ****
18:55:30.141 [TestNG-tests-3] INFO  testCases.TC_001_AccountRegistationTest - Validating expected message..
18:55:30.187 [TestNG-tests-3] ERROR testCases.TC_001_AccountRegistationTest - Test failed..
18:55:30.187 [TestNG-tests-3] DEBUG testCases.TC_001_AccountRegistationTest - Debug logs..
18:55:30.187 [TestNG-tests-3] INFO  testCases.TC_001_AccountRegistationTest - **** Finished TC_001_AccountRegistationTest ****
19:08:59.912 [main] DEBUG org.testng.TestNG - suiteXmlPath: "C:\workspace\NewLearning\OpencartV121\mater.xml"
19:09:00.335 [main] INFO  org.testng.internal.Utils - [TestNG] Running:
  C:\workspace\NewLearning\OpencartV121\mater.xml

19:09:04.233 [main] INFO  testCases.TC_001_AccountRegistationTest - **** Starting TC_001_AccountRegistationTest ****
19:09:04.832 [main] INFO  testCases.TC_001_AccountRegistationTest - Clicked on MyAccount Link..
19:09:05.356 [main] INFO  testCases.TC_001_AccountRegistationTest - Clicked on Register Link..
19:09:05.361 [main] INFO  testCases.TC_001_AccountRegistationTest - Providing customer details..
19:09:07.001 [main] INFO  testCases.TC_001_AccountRegistationTest - Validating expected message..
19:09:07.049 [main] ERROR testCases.TC_001_AccountRegistationTest - Test failed..
19:09:07.049 [main] DEBUG testCases.TC_001_AccountRegistationTest - Debug logs..
19:09:07.054 [main] INFO  testCases.TC_001_AccountRegistationTest - **** Finished TC_001_AccountRegistationTest ****
10:06:19.776 [main] DEBUG org.testng.TestNG - suiteXmlPath: "C:\workspace\NewLearning\OpencartV121\mater.xml"
10:06:21.629 [main] INFO  org.testng.internal.Utils - [TestNG] Running:
  C:\workspace\NewLearning\OpencartV121\mater.xml

10:07:07.135 [main] DEBUG org.testng.TestNG - suiteXmlPath: "C:\workspace\NewLearning\OpencartV121\mater.xml"
10:07:07.573 [main] INFO  org.testng.internal.Utils - [TestNG] Running:
  C:\workspace\NewLearning\OpencartV121\mater.xml

10:08:39.817 [main] DEBUG org.testng.TestNG - suiteXmlPath: "C:\workspace\NewLearning\OpencartV121\mater.xml"
10:08:40.195 [main] INFO  org.testng.internal.Utils - [TestNG] Running:
  C:\workspace\NewLearning\OpencartV121\mater.xml

10:19:01.497 [main] DEBUG org.testng.TestNG - suiteXmlPath: "C:\workspace\NewLearning\OpencartV121\mater.xml"
10:19:02.222 [main] INFO  org.testng.internal.Utils - [TestNG] Running:
  C:\workspace\NewLearning\OpencartV121\mater.xml

10:19:11.524 [main] INFO  testCases.TC002_LoginTest - ****** Starting TC_002_LoginTest******
10:20:17.178 [main] DEBUG org.testng.TestNG - suiteXmlPath: "C:\workspace\NewLearning\OpencartV121\mater.xml"
10:20:17.597 [main] INFO  org.testng.internal.Utils - [TestNG] Running:
  C:\workspace\NewLearning\OpencartV121\mater.xml

10:20:21.432 [main] INFO  testCases.TC002_LoginTest - ****** Starting TC_002_LoginTest******
10:21:32.685 [main] DEBUG org.testng.TestNG - suiteXmlPath: "C:\workspace\NewLearning\OpencartV121\mater.xml"
10:21:33.078 [main] INFO  org.testng.internal.Utils - [TestNG] Running:
  C:\workspace\NewLearning\OpencartV121\mater.xml

10:21:36.660 [main] INFO  testCases.TC002_LoginTest - ****** Starting TC_002_LoginTest******
10:22:42.732 [main] DEBUG org.testng.TestNG - suiteXmlPath: "C:\workspace\NewLearning\OpencartV121\mater.xml"
10:22:43.168 [main] INFO  org.testng.internal.Utils - [TestNG] Running:
  C:\workspace\NewLearning\OpencartV121\mater.xml

10:22:46.743 [main] INFO  testCases.TC002_LoginTest - ****** Starting TC_002_LoginTest******
10:27:32.938 [main] DEBUG org.testng.TestNG - suiteXmlPath: "C:\workspace\NewLearning\OpencartV121\mater.xml"
10:27:33.935 [main] INFO  org.testng.internal.Utils - [TestNG] Running:
  C:\workspace\NewLearning\OpencartV121\mater.xml

10:27:40.208 [main] INFO  testCases.TC002_LoginTest - ****** Starting TC_002_LoginTest******
10:27:42.879 [main] INFO  testCases.TC002_LoginTest - ****** Finished TC_002_LoginTest******
16:12:13.396 [main] DEBUG org.testng.TestNG - suiteXmlPath: "C:\workspace\NewLearning\OpencartV121\mater.xml"
16:12:13.976 [main] INFO  org.testng.internal.Utils - [TestNG] Running:
  C:\workspace\NewLearning\OpencartV121\mater.xml

16:12:20.815 [main] DEBUG org.apache.poi.openxml4j.opc.PackageRelationshipCollection - Parsing relationship: /xl/_rels/workbook.xml.rels
16:12:20.819 [main] DEBUG org.apache.poi.openxml4j.opc.PackageRelationshipCollection - Parsing relationship: /xl/worksheets/_rels/sheet1.xml.rels
16:12:20.822 [main] DEBUG org.apache.poi.openxml4j.opc.PackageRelationshipCollection - Parsing relationship: /_rels/.rels
16:12:21.790 [main] DEBUG org.apache.poi.ooxml.POIXMLFactory - using default POIXMLDocumentPart for http://schemas.openxmlformats.org/officeDocument/2006/relationships/printerSettings
16:12:22.052 [main] DEBUG org.apache.poi.openxml4j.opc.PackageRelationshipCollection - Parsing relationship: /xl/_rels/workbook.xml.rels
16:12:22.055 [main] DEBUG org.apache.poi.openxml4j.opc.PackageRelationshipCollection - Parsing relationship: /xl/worksheets/_rels/sheet1.xml.rels
16:12:22.059 [main] DEBUG org.apache.poi.openxml4j.opc.PackageRelationshipCollection - Parsing relationship: /_rels/.rels
16:12:22.101 [main] DEBUG org.apache.poi.ooxml.POIXMLFactory - using default POIXMLDocumentPart for http://schemas.openxmlformats.org/officeDocument/2006/relationships/printerSettings
16:12:22.147 [main] DEBUG org.apache.poi.openxml4j.opc.PackageRelationshipCollection - Parsing relationship: /xl/_rels/workbook.xml.rels
16:12:22.150 [main] DEBUG org.apache.poi.openxml4j.opc.PackageRelationshipCollection - Parsing relationship: /xl/worksheets/_rels/sheet1.xml.rels
16:12:22.154 [main] DEBUG org.apache.poi.openxml4j.opc.PackageRelationshipCollection - Parsing relationship: /_rels/.rels
16:12:22.192 [main] DEBUG org.apache.poi.ooxml.POIXMLFactory - using default POIXMLDocumentPart for http://schemas.openxmlformats.org/officeDocument/2006/relationships/printerSettings
16:13:07.924 [main] DEBUG org.testng.TestNG - suiteXmlPath: "C:\workspace\NewLearning\OpencartV121\mater.xml"
16:13:08.352 [main] INFO  org.testng.internal.Utils - [TestNG] Running:
  C:\workspace\NewLearning\OpencartV121\mater.xml

16:13:12.546 [main] DEBUG org.apache.poi.openxml4j.opc.PackageRelationshipCollection - Parsing relationship: /xl/_rels/workbook.xml.rels
16:13:12.550 [main] DEBUG org.apache.poi.openxml4j.opc.PackageRelationshipCollection - Parsing relationship: /xl/worksheets/_rels/sheet1.xml.rels
16:13:12.556 [main] DEBUG org.apache.poi.openxml4j.opc.PackageRelationshipCollection - Parsing relationship: /_rels/.rels
16:13:13.429 [main] DEBUG org.apache.poi.ooxml.POIXMLFactory - using default POIXMLDocumentPart for http://schemas.openxmlformats.org/officeDocument/2006/relationships/printerSettings
16:13:13.654 [main] DEBUG org.apache.poi.openxml4j.opc.PackageRelationshipCollection - Parsing relationship: /xl/_rels/workbook.xml.rels
16:13:13.657 [main] DEBUG org.apache.poi.openxml4j.opc.PackageRelationshipCollection - Parsing relationship: /xl/worksheets/_rels/sheet1.xml.rels
16:13:13.662 [main] DEBUG org.apache.poi.openxml4j.opc.PackageRelationshipCollection - Parsing relationship: /_rels/.rels
16:13:13.705 [main] DEBUG org.apache.poi.ooxml.POIXMLFactory - using default POIXMLDocumentPart for http://schemas.openxmlformats.org/officeDocument/2006/relationships/printerSettings
16:13:13.767 [main] DEBUG org.apache.poi.openxml4j.opc.PackageRelationshipCollection - Parsing relationship: /xl/_rels/workbook.xml.rels
16:13:13.773 [main] DEBUG org.apache.poi.openxml4j.opc.PackageRelationshipCollection - Parsing relationship: /xl/worksheets/_rels/sheet1.xml.rels
16:13:13.784 [main] DEBUG org.apache.poi.openxml4j.opc.PackageRelationshipCollection - Parsing relationship: /_rels/.rels
16:13:13.815 [main] DEBUG org.apache.poi.ooxml.POIXMLFactory - using default POIXMLDocumentPart for http://schemas.openxmlformats.org/officeDocument/2006/relationships/printerSettings
16:18:48.163 [main] DEBUG org.testng.TestNG - suiteXmlPath: "C:\workspace\NewLearning\OpencartV121\mater.xml"
16:18:48.809 [main] INFO  org.testng.internal.Utils - [TestNG] Running:
  C:\workspace\NewLearning\OpencartV121\mater.xml

16:18:54.451 [main] DEBUG org.apache.poi.openxml4j.opc.PackageRelationshipCollection - Parsing relationship: /xl/_rels/workbook.xml.rels
16:18:54.456 [main] DEBUG org.apache.poi.openxml4j.opc.PackageRelationshipCollection - Parsing relationship: /xl/worksheets/_rels/sheet1.xml.rels
16:18:54.460 [main] DEBUG org.apache.poi.openxml4j.opc.PackageRelationshipCollection - Parsing relationship: /_rels/.rels
16:18:55.453 [main] DEBUG org.apache.poi.ooxml.POIXMLFactory - using default POIXMLDocumentPart for http://schemas.openxmlformats.org/officeDocument/2006/relationships/printerSettings
16:18:55.786 [main] DEBUG org.apache.poi.openxml4j.opc.PackageRelationshipCollection - Parsing relationship: /xl/_rels/workbook.xml.rels
16:18:55.793 [main] DEBUG org.apache.poi.openxml4j.opc.PackageRelationshipCollection - Parsing relationship: /xl/worksheets/_rels/sheet1.xml.rels
16:18:55.802 [main] DEBUG org.apache.poi.openxml4j.opc.PackageRelationshipCollection - Parsing relationship: /_rels/.rels
16:18:55.900 [main] DEBUG org.apache.poi.ooxml.POIXMLFactory - using default POIXMLDocumentPart for http://schemas.openxmlformats.org/officeDocument/2006/relationships/printerSettings
16:18:55.973 [main] DEBUG org.apache.poi.openxml4j.opc.PackageRelationshipCollection - Parsing relationship: /xl/_rels/workbook.xml.rels
16:18:55.981 [main] DEBUG org.apache.poi.openxml4j.opc.PackageRelationshipCollection - Parsing relationship: /xl/worksheets/_rels/sheet1.xml.rels
16:18:55.986 [main] DEBUG org.apache.poi.openxml4j.opc.PackageRelationshipCollection - Parsing relationship: /_rels/.rels
16:18:56.011 [main] DEBUG org.apache.poi.ooxml.POIXMLFactory - using default POIXMLDocumentPart for http://schemas.openxmlformats.org/officeDocument/2006/relationships/printerSettings
16:35:06.660 [main] DEBUG org.testng.TestNG - suiteXmlPath: "C:\workspace\NewLearning\OpencartV121\mater.xml"
16:35:07.393 [main] INFO  org.testng.internal.Utils - [TestNG] Running:
  C:\workspace\NewLearning\OpencartV121\mater.xml

16:35:14.337 [main] DEBUG org.apache.poi.openxml4j.opc.PackageRelationshipCollection - Parsing relationship: /xl/_rels/workbook.xml.rels
16:35:14.372 [main] DEBUG org.apache.poi.openxml4j.opc.PackageRelationshipCollection - Parsing relationship: /xl/worksheets/_rels/sheet1.xml.rels
16:35:14.383 [main] DEBUG org.apache.poi.openxml4j.opc.PackageRelationshipCollection - Parsing relationship: /_rels/.rels
16:35:15.685 [main] DEBUG org.apache.poi.ooxml.POIXMLFactory - using default POIXMLDocumentPart for http://schemas.openxmlformats.org/officeDocument/2006/relationships/printerSettings
16:35:16.073 [main] DEBUG org.apache.poi.openxml4j.opc.PackageRelationshipCollection - Parsing relationship: /xl/_rels/workbook.xml.rels
16:35:16.081 [main] DEBUG org.apache.poi.openxml4j.opc.PackageRelationshipCollection - Parsing relationship: /xl/worksheets/_rels/sheet1.xml.rels
16:35:16.086 [main] DEBUG org.apache.poi.openxml4j.opc.PackageRelationshipCollection - Parsing relationship: /_rels/.rels
16:35:16.150 [main] DEBUG org.apache.poi.ooxml.POIXMLFactory - using default POIXMLDocumentPart for http://schemas.openxmlformats.org/officeDocument/2006/relationships/printerSettings
16:35:16.273 [main] DEBUG org.apache.poi.openxml4j.opc.PackageRelationshipCollection - Parsing relationship: /xl/_rels/workbook.xml.rels
16:35:16.281 [main] DEBUG org.apache.poi.openxml4j.opc.PackageRelationshipCollection - Parsing relationship: /xl/worksheets/_rels/sheet1.xml.rels
16:35:16.284 [main] DEBUG org.apache.poi.openxml4j.opc.PackageRelationshipCollection - Parsing relationship: /_rels/.rels
16:35:16.386 [main] DEBUG org.apache.poi.ooxml.POIXMLFactory - using default POIXMLDocumentPart for http://schemas.openxmlformats.org/officeDocument/2006/relationships/printerSettings
16:35:16.517 [main] DEBUG org.apache.poi.openxml4j.opc.PackageRelationshipCollection - Parsing relationship: /xl/_rels/workbook.xml.rels
16:35:16.519 [main] DEBUG org.apache.poi.openxml4j.opc.PackageRelationshipCollection - Parsing relationship: /xl/worksheets/_rels/sheet1.xml.rels
16:35:16.521 [main] DEBUG org.apache.poi.openxml4j.opc.PackageRelationshipCollection - Parsing relationship: /_rels/.rels
16:35:16.573 [main] DEBUG org.apache.poi.ooxml.POIXMLFactory - using default POIXMLDocumentPart for http://schemas.openxmlformats.org/officeDocument/2006/relationships/printerSettings
16:35:16.682 [main] DEBUG org.apache.poi.openxml4j.opc.PackageRelationshipCollection - Parsing relationship: /xl/_rels/workbook.xml.rels
16:35:16.685 [main] DEBUG org.apache.poi.openxml4j.opc.PackageRelationshipCollection - Parsing relationship: /xl/worksheets/_rels/sheet1.xml.rels
16:35:16.687 [main] DEBUG org.apache.poi.openxml4j.opc.PackageRelationshipCollection - Parsing relationship: /_rels/.rels
16:35:16.768 [main] DEBUG org.apache.poi.ooxml.POIXMLFactory - using default POIXMLDocumentPart for http://schemas.openxmlformats.org/officeDocument/2006/relationships/printerSettings
16:35:16.852 [main] DEBUG org.apache.poi.openxml4j.opc.PackageRelationshipCollection - Parsing relationship: /xl/_rels/workbook.xml.rels
16:35:16.854 [main] DEBUG org.apache.poi.openxml4j.opc.PackageRelationshipCollection - Parsing relationship: /xl/worksheets/_rels/sheet1.xml.rels
16:35:16.856 [main] DEBUG org.apache.poi.openxml4j.opc.PackageRelationshipCollection - Parsing relationship: /_rels/.rels
16:35:16.907 [main] DEBUG org.apache.poi.ooxml.POIXMLFactory - using default POIXMLDocumentPart for http://schemas.openxmlformats.org/officeDocument/2006/relationships/printerSettings
16:35:17.001 [main] DEBUG org.apache.poi.openxml4j.opc.PackageRelationshipCollection - Parsing relationship: /xl/_rels/workbook.xml.rels
16:35:17.004 [main] DEBUG org.apache.poi.openxml4j.opc.PackageRelationshipCollection - Parsing relationship: /xl/worksheets/_rels/sheet1.xml.rels
16:35:17.023 [main] DEBUG org.apache.poi.openxml4j.opc.PackageRelationshipCollection - Parsing relationship: /_rels/.rels
16:35:17.086 [main] DEBUG org.apache.poi.ooxml.POIXMLFactory - using default POIXMLDocumentPart for http://schemas.openxmlformats.org/officeDocument/2006/relationships/printerSettings
16:35:17.149 [main] DEBUG org.apache.poi.openxml4j.opc.PackageRelationshipCollection - Parsing relationship: /xl/_rels/workbook.xml.rels
16:35:17.151 [main] DEBUG org.apache.poi.openxml4j.opc.PackageRelationshipCollection - Parsing relationship: /xl/worksheets/_rels/sheet1.xml.rels
16:35:17.153 [main] DEBUG org.apache.poi.openxml4j.opc.PackageRelationshipCollection - Parsing relationship: /_rels/.rels
16:35:17.204 [main] DEBUG org.apache.poi.ooxml.POIXMLFactory - using default POIXMLDocumentPart for http://schemas.openxmlformats.org/officeDocument/2006/relationships/printerSettings
16:35:17.282 [main] DEBUG org.apache.poi.openxml4j.opc.PackageRelationshipCollection - Parsing relationship: /xl/_rels/workbook.xml.rels
16:35:17.283 [main] DEBUG org.apache.poi.openxml4j.opc.PackageRelationshipCollection - Parsing relationship: /xl/worksheets/_rels/sheet1.xml.rels
16:35:17.286 [main] DEBUG org.apache.poi.openxml4j.opc.PackageRelationshipCollection - Parsing relationship: /_rels/.rels
16:35:17.348 [main] DEBUG org.apache.poi.ooxml.POIXMLFactory - using default POIXMLDocumentPart for http://schemas.openxmlformats.org/officeDocument/2006/relationships/printerSettings
16:35:17.402 [main] DEBUG org.apache.poi.openxml4j.opc.PackageRelationshipCollection - Parsing relationship: /xl/_rels/workbook.xml.rels
16:35:17.403 [main] DEBUG org.apache.poi.openxml4j.opc.PackageRelationshipCollection - Parsing relationship: /xl/worksheets/_rels/sheet1.xml.rels
16:35:17.405 [main] DEBUG org.apache.poi.openxml4j.opc.PackageRelationshipCollection - Parsing relationship: /_rels/.rels
16:35:17.466 [main] DEBUG org.apache.poi.ooxml.POIXMLFactory - using default POIXMLDocumentPart for http://schemas.openxmlformats.org/officeDocument/2006/relationships/printerSettings
16:35:17.537 [main] DEBUG org.apache.poi.openxml4j.opc.PackageRelationshipCollection - Parsing relationship: /xl/_rels/workbook.xml.rels
16:35:17.539 [main] DEBUG org.apache.poi.openxml4j.opc.PackageRelationshipCollection - Parsing relationship: /xl/worksheets/_rels/sheet1.xml.rels
16:35:17.550 [main] DEBUG org.apache.poi.openxml4j.opc.PackageRelationshipCollection - Parsing relationship: /_rels/.rels
16:35:17.598 [main] DEBUG org.apache.poi.ooxml.POIXMLFactory - using default POIXMLDocumentPart for http://schemas.openxmlformats.org/officeDocument/2006/relationships/printerSettings
16:35:17.643 [main] DEBUG org.apache.poi.openxml4j.opc.PackageRelationshipCollection - Parsing relationship: /xl/_rels/workbook.xml.rels
16:35:17.645 [main] DEBUG org.apache.poi.openxml4j.opc.PackageRelationshipCollection - Parsing relationship: /xl/worksheets/_rels/sheet1.xml.rels
16:35:17.648 [main] DEBUG org.apache.poi.openxml4j.opc.PackageRelationshipCollection - Parsing relationship: /_rels/.rels
16:35:17.683 [main] DEBUG org.apache.poi.ooxml.POIXMLFactory - using default POIXMLDocumentPart for http://schemas.openxmlformats.org/officeDocument/2006/relationships/printerSettings
16:35:17.752 [main] DEBUG org.apache.poi.openxml4j.opc.PackageRelationshipCollection - Parsing relationship: /xl/_rels/workbook.xml.rels
16:35:17.754 [main] DEBUG org.apache.poi.openxml4j.opc.PackageRelationshipCollection - Parsing relationship: /xl/worksheets/_rels/sheet1.xml.rels
16:35:17.783 [main] DEBUG org.apache.poi.openxml4j.opc.PackageRelationshipCollection - Parsing relationship: /_rels/.rels
16:35:17.806 [main] DEBUG org.apache.poi.ooxml.POIXMLFactory - using default POIXMLDocumentPart for http://schemas.openxmlformats.org/officeDocument/2006/relationships/printerSettings
16:35:17.921 [main] DEBUG org.apache.poi.openxml4j.opc.PackageRelationshipCollection - Parsing relationship: /xl/_rels/workbook.xml.rels
16:35:17.930 [main] DEBUG org.apache.poi.openxml4j.opc.PackageRelationshipCollection - Parsing relationship: /xl/worksheets/_rels/sheet1.xml.rels
16:35:17.932 [main] DEBUG org.apache.poi.openxml4j.opc.PackageRelationshipCollection - Parsing relationship: /_rels/.rels
16:35:17.972 [main] DEBUG org.apache.poi.ooxml.POIXMLFactory - using default POIXMLDocumentPart for http://schemas.openxmlformats.org/officeDocument/2006/relationships/printerSettings
16:35:18.038 [main] DEBUG org.apache.poi.openxml4j.opc.PackageRelationshipCollection - Parsing relationship: /xl/_rels/workbook.xml.rels
16:35:18.042 [main] DEBUG org.apache.poi.openxml4j.opc.PackageRelationshipCollection - Parsing relationship: /xl/worksheets/_rels/sheet1.xml.rels
16:35:18.046 [main] DEBUG org.apache.poi.openxml4j.opc.PackageRelationshipCollection - Parsing relationship: /_rels/.rels
16:35:18.090 [main] DEBUG org.apache.poi.ooxml.POIXMLFactory - using default POIXMLDocumentPart for http://schemas.openxmlformats.org/officeDocument/2006/relationships/printerSettings
16:35:18.155 [main] DEBUG org.apache.poi.openxml4j.opc.PackageRelationshipCollection - Parsing relationship: /xl/_rels/workbook.xml.rels
16:35:18.167 [main] DEBUG org.apache.poi.openxml4j.opc.PackageRelationshipCollection - Parsing relationship: /xl/worksheets/_rels/sheet1.xml.rels
16:35:18.169 [main] DEBUG org.apache.poi.openxml4j.opc.PackageRelationshipCollection - Parsing relationship: /_rels/.rels
16:35:18.205 [main] DEBUG org.apache.poi.ooxml.POIXMLFactory - using default POIXMLDocumentPart for http://schemas.openxmlformats.org/officeDocument/2006/relationships/printerSettings
16:35:18.269 [main] DEBUG org.apache.poi.openxml4j.opc.PackageRelationshipCollection - Parsing relationship: /xl/_rels/workbook.xml.rels
16:35:18.270 [main] DEBUG org.apache.poi.openxml4j.opc.PackageRelationshipCollection - Parsing relationship: /xl/worksheets/_rels/sheet1.xml.rels
16:35:18.271 [main] DEBUG org.apache.poi.openxml4j.opc.PackageRelationshipCollection - Parsing relationship: /_rels/.rels
16:35:18.299 [main] DEBUG org.apache.poi.ooxml.POIXMLFactory - using default POIXMLDocumentPart for http://schemas.openxmlformats.org/officeDocument/2006/relationships/printerSettings
16:35:18.417 [main] INFO  testCases.TC003_LoginDDT - *** Starting TC_003_LoginDDT ***
16:35:21.278 [main] INFO  testCases.TC003_LoginDDT - *** Finished TC_003_LoginDDT ***
16:35:21.304 [main] INFO  testCases.TC003_LoginDDT - *** Starting TC_003_LoginDDT ***
16:35:23.928 [main] INFO  testCases.TC003_LoginDDT - *** Starting TC_003_LoginDDT ***
16:35:35.906 [main] INFO  testCases.TC003_LoginDDT - *** Finished TC_003_LoginDDT ***
16:35:35.925 [main] INFO  testCases.TC003_LoginDDT - *** Starting TC_003_LoginDDT ***
16:35:47.485 [main] INFO  testCases.TC003_LoginDDT - *** Finished TC_003_LoginDDT ***
16:35:47.495 [main] INFO  testCases.TC003_LoginDDT - *** Starting TC_003_LoginDDT ***
16:35:49.785 [main] INFO  testCases.TC003_LoginDDT - *** Finished TC_003_LoginDDT ***
16:55:24.546 [main] DEBUG org.testng.TestNG - suiteXmlPath: "C:\workspace\NewLearning\OpencartV121\mater.xml"
16:55:24.978 [main] INFO  org.testng.internal.Utils - [TestNG] Running:
  C:\workspace\NewLearning\OpencartV121\mater.xml

16:55:29.083 [main] DEBUG org.apache.poi.openxml4j.opc.PackageRelationshipCollection - Parsing relationship: /xl/_rels/workbook.xml.rels
16:55:29.088 [main] DEBUG org.apache.poi.openxml4j.opc.PackageRelationshipCollection - Parsing relationship: /xl/worksheets/_rels/sheet1.xml.rels
16:55:29.099 [main] DEBUG org.apache.poi.openxml4j.opc.PackageRelationshipCollection - Parsing relationship: /_rels/.rels
16:55:30.020 [main] DEBUG org.apache.poi.ooxml.POIXMLFactory - using default POIXMLDocumentPart for http://schemas.openxmlformats.org/officeDocument/2006/relationships/printerSettings
16:55:30.221 [main] DEBUG org.apache.poi.openxml4j.opc.PackageRelationshipCollection - Parsing relationship: /xl/_rels/workbook.xml.rels
16:55:30.226 [main] DEBUG org.apache.poi.openxml4j.opc.PackageRelationshipCollection - Parsing relationship: /xl/worksheets/_rels/sheet1.xml.rels
16:55:30.232 [main] DEBUG org.apache.poi.openxml4j.opc.PackageRelationshipCollection - Parsing relationship: /_rels/.rels
16:55:30.264 [main] DEBUG org.apache.poi.ooxml.POIXMLFactory - using default POIXMLDocumentPart for http://schemas.openxmlformats.org/officeDocument/2006/relationships/printerSettings
16:55:30.308 [main] DEBUG org.apache.poi.openxml4j.opc.PackageRelationshipCollection - Parsing relationship: /xl/_rels/workbook.xml.rels
16:55:30.311 [main] DEBUG org.apache.poi.openxml4j.opc.PackageRelationshipCollection - Parsing relationship: /xl/worksheets/_rels/sheet1.xml.rels
16:55:30.316 [main] DEBUG org.apache.poi.openxml4j.opc.PackageRelationshipCollection - Parsing relationship: /_rels/.rels
16:55:30.344 [main] DEBUG org.apache.poi.ooxml.POIXMLFactory - using default POIXMLDocumentPart for http://schemas.openxmlformats.org/officeDocument/2006/relationships/printerSettings
16:55:30.398 [main] DEBUG org.apache.poi.openxml4j.opc.PackageRelationshipCollection - Parsing relationship: /xl/_rels/workbook.xml.rels
16:55:30.401 [main] DEBUG org.apache.poi.openxml4j.opc.PackageRelationshipCollection - Parsing relationship: /xl/worksheets/_rels/sheet1.xml.rels
16:55:30.405 [main] DEBUG org.apache.poi.openxml4j.opc.PackageRelationshipCollection - Parsing relationship: /_rels/.rels
16:55:30.429 [main] DEBUG org.apache.poi.ooxml.POIXMLFactory - using default POIXMLDocumentPart for http://schemas.openxmlformats.org/officeDocument/2006/relationships/printerSettings
16:55:30.469 [main] DEBUG org.apache.poi.openxml4j.opc.PackageRelationshipCollection - Parsing relationship: /xl/_rels/workbook.xml.rels
16:55:30.471 [main] DEBUG org.apache.poi.openxml4j.opc.PackageRelationshipCollection - Parsing relationship: /xl/worksheets/_rels/sheet1.xml.rels
16:55:30.474 [main] DEBUG org.apache.poi.openxml4j.opc.PackageRelationshipCollection - Parsing relationship: /_rels/.rels
16:55:30.498 [main] DEBUG org.apache.poi.ooxml.POIXMLFactory - using default POIXMLDocumentPart for http://schemas.openxmlformats.org/officeDocument/2006/relationships/printerSettings
16:55:30.540 [main] DEBUG org.apache.poi.openxml4j.opc.PackageRelationshipCollection - Parsing relationship: /xl/_rels/workbook.xml.rels
16:55:30.542 [main] DEBUG org.apache.poi.openxml4j.opc.PackageRelationshipCollection - Parsing relationship: /xl/worksheets/_rels/sheet1.xml.rels
16:55:30.547 [main] DEBUG org.apache.poi.openxml4j.opc.PackageRelationshipCollection - Parsing relationship: /_rels/.rels
16:55:30.568 [main] DEBUG org.apache.poi.ooxml.POIXMLFactory - using default POIXMLDocumentPart for http://schemas.openxmlformats.org/officeDocument/2006/relationships/printerSettings
16:55:30.605 [main] DEBUG org.apache.poi.openxml4j.opc.PackageRelationshipCollection - Parsing relationship: /xl/_rels/workbook.xml.rels
16:55:30.607 [main] DEBUG org.apache.poi.openxml4j.opc.PackageRelationshipCollection - Parsing relationship: /xl/worksheets/_rels/sheet1.xml.rels
16:55:30.609 [main] DEBUG org.apache.poi.openxml4j.opc.PackageRelationshipCollection - Parsing relationship: /_rels/.rels
16:55:30.630 [main] DEBUG org.apache.poi.ooxml.POIXMLFactory - using default POIXMLDocumentPart for http://schemas.openxmlformats.org/officeDocument/2006/relationships/printerSettings
16:55:30.695 [main] DEBUG org.apache.poi.openxml4j.opc.PackageRelationshipCollection - Parsing relationship: /xl/_rels/workbook.xml.rels
16:55:30.699 [main] DEBUG org.apache.poi.openxml4j.opc.PackageRelationshipCollection - Parsing relationship: /xl/worksheets/_rels/sheet1.xml.rels
16:55:30.702 [main] DEBUG org.apache.poi.openxml4j.opc.PackageRelationshipCollection - Parsing relationship: /_rels/.rels
16:55:30.719 [main] DEBUG org.apache.poi.ooxml.POIXMLFactory - using default POIXMLDocumentPart for http://schemas.openxmlformats.org/officeDocument/2006/relationships/printerSettings
16:55:30.751 [main] DEBUG org.apache.poi.openxml4j.opc.PackageRelationshipCollection - Parsing relationship: /xl/_rels/workbook.xml.rels
16:55:30.753 [main] DEBUG org.apache.poi.openxml4j.opc.PackageRelationshipCollection - Parsing relationship: /xl/worksheets/_rels/sheet1.xml.rels
16:55:30.755 [main] DEBUG org.apache.poi.openxml4j.opc.PackageRelationshipCollection - Parsing relationship: /_rels/.rels
16:55:30.774 [main] DEBUG org.apache.poi.ooxml.POIXMLFactory - using default POIXMLDocumentPart for http://schemas.openxmlformats.org/officeDocument/2006/relationships/printerSettings
16:55:30.805 [main] DEBUG org.apache.poi.openxml4j.opc.PackageRelationshipCollection - Parsing relationship: /xl/_rels/workbook.xml.rels
16:55:30.807 [main] DEBUG org.apache.poi.openxml4j.opc.PackageRelationshipCollection - Parsing relationship: /xl/worksheets/_rels/sheet1.xml.rels
16:55:30.808 [main] DEBUG org.apache.poi.openxml4j.opc.PackageRelationshipCollection - Parsing relationship: /_rels/.rels
16:55:30.826 [main] DEBUG org.apache.poi.ooxml.POIXMLFactory - using default POIXMLDocumentPart for http://schemas.openxmlformats.org/officeDocument/2006/relationships/printerSettings
16:55:30.857 [main] DEBUG org.apache.poi.openxml4j.opc.PackageRelationshipCollection - Parsing relationship: /xl/_rels/workbook.xml.rels
16:55:30.859 [main] DEBUG org.apache.poi.openxml4j.opc.PackageRelationshipCollection - Parsing relationship: /xl/worksheets/_rels/sheet1.xml.rels
16:55:30.861 [main] DEBUG org.apache.poi.openxml4j.opc.PackageRelationshipCollection - Parsing relationship: /_rels/.rels
16:55:30.879 [main] DEBUG org.apache.poi.ooxml.POIXMLFactory - using default POIXMLDocumentPart for http://schemas.openxmlformats.org/officeDocument/2006/relationships/printerSettings
16:55:30.906 [main] DEBUG org.apache.poi.openxml4j.opc.PackageRelationshipCollection - Parsing relationship: /xl/_rels/workbook.xml.rels
16:55:30.908 [main] DEBUG org.apache.poi.openxml4j.opc.PackageRelationshipCollection - Parsing relationship: /xl/worksheets/_rels/sheet1.xml.rels
16:55:30.909 [main] DEBUG org.apache.poi.openxml4j.opc.PackageRelationshipCollection - Parsing relationship: /_rels/.rels
16:55:30.926 [main] DEBUG org.apache.poi.ooxml.POIXMLFactory - using default POIXMLDocumentPart for http://schemas.openxmlformats.org/officeDocument/2006/relationships/printerSettings
16:55:30.957 [main] DEBUG org.apache.poi.openxml4j.opc.PackageRelationshipCollection - Parsing relationship: /xl/_rels/workbook.xml.rels
16:55:30.959 [main] DEBUG org.apache.poi.openxml4j.opc.PackageRelationshipCollection - Parsing relationship: /xl/worksheets/_rels/sheet1.xml.rels
